2021-01-11 00:00:33.467 [main] INFO  org.springframework.boot.StartupInfoLogger.logStarting(StartupInfoLogger.java:55) - Starting DeepintomybatisApplication using Java 1.8.0_192 on WCD-3DEN5251 with PID 19676 (D:\GitHub\deepintomybatis\target\classes started by D14052172 in D:\GitHub\deepintomybatis)
2021-01-11 00:00:33.498 [main] INFO  org.springframework.boot.SpringApplication.logStartupProfileInfo(SpringApplication.java:664) - The following profiles are active: dev
2021-01-11 00:00:34.264 [main] INFO  org.springframework.context.support.PostProcessorRegistrationDelegate$BeanPostProcessorChecker.postProcessAfterInitialization(PostProcessorRegistrationDelegate.java:350) - Bean 'com.alibaba.druid.spring.boot.autoconfigure.DruidDataSourceAutoConfigure' of type [com.alibaba.druid.spring.boot.autoconfigure.DruidDataSourceAutoConfigure$$EnhancerBySpringCGLIB$$8eef6c8c] is not eligible for getting processed by all BeanPostProcessors (for example: not eligible for auto-proxying)
2021-01-11 00:00:34.279 [main] INFO  com.alibaba.druid.spring.boot.autoconfigure.DruidDataSourceAutoConfigure.dataSource(DruidDataSourceAutoConfigure.java:56) - Init DruidDataSource
2021-01-11 00:00:34.311 [main] INFO  org.springframework.context.support.PostProcessorRegistrationDelegate$BeanPostProcessorChecker.postProcessAfterInitialization(PostProcessorRegistrationDelegate.java:350) - Bean 'spring.datasource-org.springframework.boot.autoconfigure.jdbc.DataSourceProperties' of type [org.springframework.boot.autoconfigure.jdbc.DataSourceProperties] is not eligible for getting processed by all BeanPostProcessors (for example: not eligible for auto-proxying)
2021-01-11 00:00:34.311 [main] INFO  org.springframework.context.support.PostProcessorRegistrationDelegate$BeanPostProcessorChecker.postProcessAfterInitialization(PostProcessorRegistrationDelegate.java:350) - Bean 'com.alibaba.druid.spring.boot.autoconfigure.stat.DruidFilterConfiguration' of type [com.alibaba.druid.spring.boot.autoconfigure.stat.DruidFilterConfiguration] is not eligible for getting processed by all BeanPostProcessors (for example: not eligible for auto-proxying)
2021-01-11 00:00:34.327 [main] INFO  org.springframework.context.support.PostProcessorRegistrationDelegate$BeanPostProcessorChecker.postProcessAfterInitialization(PostProcessorRegistrationDelegate.java:350) - Bean 'wallConfig' of type [com.alibaba.druid.wall.WallConfig] is not eligible for getting processed by all BeanPostProcessors (for example: not eligible for auto-proxying)
2021-01-11 00:00:34.358 [main] INFO  org.springframework.context.support.PostProcessorRegistrationDelegate$BeanPostProcessorChecker.postProcessAfterInitialization(PostProcessorRegistrationDelegate.java:350) - Bean 'wallFilter' of type [com.alibaba.druid.wall.WallFilter] is not eligible for getting processed by all BeanPostProcessors (for example: not eligible for auto-proxying)
2021-01-11 00:00:34.514 [main] INFO  com.alibaba.druid.pool.DruidDataSource.init(DruidDataSource.java:994) - {dataSource-1} inited
2021-01-11 00:00:34.514 [main] INFO  org.springframework.context.support.PostProcessorRegistrationDelegate$BeanPostProcessorChecker.postProcessAfterInitialization(PostProcessorRegistrationDelegate.java:350) - Bean 'dataSource' of type [com.alibaba.druid.spring.boot.autoconfigure.DruidDataSourceWrapper] is not eligible for getting processed by all BeanPostProcessors (for example: not eligible for auto-proxying)
2021-01-11 00:00:34.514 [main] INFO  org.springframework.context.support.PostProcessorRegistrationDelegate$BeanPostProcessorChecker.postProcessAfterInitialization(PostProcessorRegistrationDelegate.java:350) - Bean 'org.springframework.boot.autoconfigure.jdbc.DataSourceInitializerInvoker' of type [org.springframework.boot.autoconfigure.jdbc.DataSourceInitializerInvoker] is not eligible for getting processed by all BeanPostProcessors (for example: not eligible for auto-proxying)
2021-01-11 00:00:34.514 [main] INFO  org.springframework.context.support.PostProcessorRegistrationDelegate$BeanPostProcessorChecker.postProcessAfterInitialization(PostProcessorRegistrationDelegate.java:350) - Bean 'myBatisConfig' of type [com.tom.example.deepintomybatis.config.MyBatisConfig$$EnhancerBySpringCGLIB$$8939d89c] is not eligible for getting processed by all BeanPostProcessors (for example: not eligible for auto-proxying)
2021-01-11 00:00:34.654 [main] INFO  org.springframework.boot.web.embedded.tomcat.TomcatWebServer.initialize(TomcatWebServer.java:108) - Tomcat initialized with port(s): 8096 (http)
2021-01-11 00:00:34.701 [main] INFO  org.apache.juli.logging.DirectJDKLog.log(DirectJDKLog.java:173) - Initializing ProtocolHandler ["http-nio-8096"]
2021-01-11 00:00:34.701 [main] INFO  org.apache.juli.logging.DirectJDKLog.log(DirectJDKLog.java:173) - Starting service [Tomcat]
2021-01-11 00:00:34.701 [main] INFO  org.apache.juli.logging.DirectJDKLog.log(DirectJDKLog.java:173) - Starting Servlet engine: [Apache Tomcat/9.0.41]
2021-01-11 00:00:34.858 [main] INFO  org.apache.juli.logging.DirectJDKLog.log(DirectJDKLog.java:173) - At least one JAR was scanned for TLDs yet contained no TLDs. Enable debug logging for this logger for a complete list of JARs that were scanned but no TLDs were found in them. Skipping unneeded JARs during scanning can improve startup time and JSP compilation time.
2021-01-11 00:00:34.858 [main] INFO  org.apache.juli.logging.DirectJDKLog.log(DirectJDKLog.java:173) - Initializing Spring embedded WebApplicationContext
2021-01-11 00:00:34.858 [main] INFO  org.springframework.boot.web.servlet.context.ServletWebServerApplicationContext.prepareWebApplicationContext(ServletWebServerApplicationContext.java:289) - Root WebApplicationContext: initialization completed in 1282 ms
2021-01-11 00:00:35.233 [main] INFO  org.springframework.scheduling.concurrent.ExecutorConfigurationSupport.initialize(ExecutorConfigurationSupport.java:181) - Initializing ExecutorService 'applicationTaskExecutor'
2021-01-11 00:00:35.280 [main] INFO  org.springframework.boot.autoconfigure.web.servlet.WelcomePageHandlerMapping.<init>(WelcomePageHandlerMapping.java:58) - Adding welcome page template: index
2021-01-11 00:00:35.467 [main] INFO  org.springframework.boot.actuate.endpoint.web.EndpointLinksResolver.<init>(EndpointLinksResolver.java:58) - Exposing 2 endpoint(s) beneath base path '/actuator'
2021-01-11 00:00:35.498 [main] INFO  org.apache.juli.logging.DirectJDKLog.log(DirectJDKLog.java:173) - Starting ProtocolHandler ["http-nio-8096"]
2021-01-11 00:00:35.514 [main] INFO  org.springframework.boot.web.embedded.tomcat.TomcatWebServer.start(TomcatWebServer.java:220) - Tomcat started on port(s): 8096 (http) with context path ''
2021-01-11 00:00:35.529 [main] INFO  org.springframework.boot.StartupInfoLogger.logStarted(StartupInfoLogger.java:61) - Started DeepintomybatisApplication in 2.302 seconds (JVM running for 3.124)
2021-01-11 00:00:35.998 [RMI TCP Connection(1)-10.62.31.51] INFO  org.apache.juli.logging.DirectJDKLog.log(DirectJDKLog.java:173) - Initializing Spring DispatcherServlet 'dispatcherServlet'
2021-01-11 00:00:35.998 [RMI TCP Connection(1)-10.62.31.51] INFO  org.springframework.web.servlet.FrameworkServlet.initServletBean(FrameworkServlet.java:525) - Initializing Servlet 'dispatcherServlet'
2021-01-11 00:00:35.998 [RMI TCP Connection(1)-10.62.31.51] INFO  org.springframework.web.servlet.FrameworkServlet.initServletBean(FrameworkServlet.java:547) - Completed initialization in 0 ms
2021-01-11 00:00:52.410 [http-nio-8096-exec-1] INFO  org.apache.juli.logging.DirectJDKLog.log(DirectJDKLog.java:173) - A cookie header was received [1609848670; Hm_lpvt_e9e114d958ea263de46e080563e254c4=1609923255; JSESSIONID=7454F734ACA449F303E10E98377977C8] that contained an invalid cookie. That cookie will be ignored.
 Note: further occurrences of this error will be logged at DEBUG level.
2021-01-11 00:00:52.426 [http-nio-8096-exec-1] WARN  org.springframework.web.servlet.DispatcherServlet.noHandlerFound(DispatcherServlet.java:1272) - No mapping for GET /doDeleteById
